<?xml version="1.0" encoding="UTF-8"?>
<!-- Generated by org.testng.reporters.JUnitReportReporter -->
<testsuite hostname="DESKTOP-H4KB4OT" failures="0" tests="1" name="testCases.Ecommerce" time="87.917" errors="0" timestamp="2022-01-25T20:15:13 BDT" skipped="0">
  <testcase classname="testCases.Ecommerce" name="mySecondTest" time="87.917"/>
  <system-out/>
</testsuite> <!-- testCases.Ecommerce -->
